*** Booting Zephyr OS build v4.2.0-3326-g8e6077e3e507 ***
[00:00:00.265,899] <inf> fs_nvs: 6 Sectors of 4096 bytes
[00:00:00.265,899] <inf> fs_nvs: alloc wra: 0, f88
[00:00:00.265,930] <inf> fs_nvs: data wra: 0, e0
[00:00:00.268,218] <inf> bt_hci_core: HW Platform: Nordic Semiconductor (0x0002)
[00:00:00.268,249] <inf> bt_hci_core: HW Variant: nRF52x (0x0002)
[00:00:00.268,280] <inf> bt_hci_core: Firmware: Standard Bluetooth controller (0x00) Version 4.2 Build 99
[00:00:00.268,493] <inf> bt_hci_core: No ID address. App must call settings_load()
[00:00:00.268,493] <inf> ble_manager: Bluetooth initialized
[00:00:00.268,554] <inf> vcp_controller: VCP controller initialized
[00:00:00.268,554] <inf> battery_reader: Battery reader initialized
[00:00:00.268,554] <inf> csip_coordinator: CSIP Coordinator initialized
[00:00:00.268,585] <dbg> ble_manager: ble_manager_init: Initializing connection works
[00:00:00.268,615] <inf> ble_manager: BLE manager initialized
[00:00:00.269,317] <inf> bt_hci_core: HCI transport: Controller
[00:00:00.269,409] <inf> bt_hci_core: Identity: D0:26:7A:4D:45:9E (random)
[00:00:00.269,439] <inf> bt_hci_core: HCI: version 5.4 (0x0d) revision 0x0000, manufacturer 0x05f1
[00:00:00.269,470] <inf> bt_hci_core: LMP: version 5.4 (0x0d) subver 0xffff
[00:00:00.269,500] <inf> connection_strategy: Initializing connection state machine
[00:00:00.270,080] <dbg> csip_coordinator: csip_settings_load_sirk: Loaded CSIP info for CC:89:6C:EE:40:F3 (public): rank=1
[00:00:00.270,202] <dbg> ble_manager: enumerate_bonds_cb: Enumerated bonded device 0: CC:89:6C:EE:40:F3 (public) (SIRK: yes, Rank: 1)
[00:00:00.270,233] <inf> ble_manager: Enumerated 1 bonded device
[00:00:00.270,294] <inf> connection_strategy: Determining connection strategy for 1 bonded device
[00:00:00.270,294] <inf> connection_strategy: Strategy: SINGLE_BOND - will search for pair
[00:00:00.270,294] <inf> connection_strategy: Executing connection strategy: 1
[00:00:00.270,477] <inf> connection_strategy: Connecting to single bonded device: CC:89:6C:EE:40:F3 (public)
[00:00:00.270,507] <inf> connection_strategy:   SIRK: yes, Rank: 1
[00:00:00.270,538] <inf> connection_strategy:   Will search for set pair after CSIP discovery via RSI scanning
[00:00:00.270,538] <dbg> ble_manager: schedule_auto_connect: Scheduling auto-connect [DEVICE ID 0]
[00:00:00.270,874] <inf> ble_manager: Connecting to previously bonded device [DEVICE ID 0]
[00:00:00.271,118] <inf> ble_manager: BLE command thread 0 started
[00:00:00.271,209] <inf> ble_manager: BLE command thread 1 started
[00:00:00.493,621] <wrn> ble_manager: Connection does not match any known device context
[00:00:00.493,652] <dbg> ble_manager: connected_cb: Using first slot for new connection
[00:00:00.493,743] <inf> ble_manager: Connected to bonded device CC:89:6C:EE:40:F3 (public) [DEVICE ID 0]
[00:00:00.493,804] <dbg> ble_manager: ble_cmd_enqueue: High priority BLE command enqueued, type: BLE_CMD_REQUEST_SECURITY [DEVICE ID 0]
[00:00:00.493,835] <dbg> ble_manager: activate_ble_cmd_queue: Activating BLE command queue [DEVICE ID 0]
[00:00:00.494,415] <dbg> ble_manager: ble_cmd_execute: Executing BLE command type BLE_CMD_REQUEST_SECURITY [DEVICE ID 0]
[00:00:00.494,476] <dbg> ble_manager: ble_cmd_execute: BLE command initiated successfully: type=BLE_CMD_REQUEST_SECURITY [DEVICE ID 0]
[00:00:00.494,506] <dbg> ble_manager: ble_process_next_command: Command waiting for completion: type=BLE_CMD_REQUEST_SECURITY [DEVICE ID 0]
[00:00:00.494,537] <dbg> ble_manager: security_request_handler: Requesting security level 2 [DEVICE ID 0]
[00:00:00.494,659] <dbg> ble_manager: security_request_handler: Security request initiated [DEVICE ID 0]
[00:00:01.444,580] <dbg> ble_manager: security_changed_cb: Security changed: CC:89:6C:EE:40:F3 (public) level 2 [DEVICE ID 0]
[00:00:01.444,610] <dbg> ble_manager: security_changed_cb: Encryption established at level 2 [DEVICE ID 0]
[00:00:01.444,641] <dbg> ble_manager: security_changed_cb: Bonded device encrypted - starting csip service discovery [DEVICE ID 0]
[00:00:01.444,702] <dbg> ble_manager: ble_cmd_enqueue: High priority BLE command enqueued, type: BLE_CMD_CSIP_DISCOVER [DEVICE ID 0]
[00:00:01.444,732] <dbg> ble_manager: ble_cmd_complete: BLE command completed successfully: type=BLE_CMD_REQUEST_SECURITY [DEVICE ID 0]
[00:00:01.444,824] <dbg> ble_manager: ble_cmd_execute: Executing BLE command type BLE_CMD_CSIP_DISCOVER [DEVICE ID 0]
[00:00:01.444,946] <dbg> ble_manager: ble_cmd_execute: BLE command initiated successfully: type=BLE_CMD_CSIP_DISCOVER [DEVICE ID 0]
[00:00:01.445,007] <dbg> ble_manager: ble_process_next_command: Command waiting for completion: type=BLE_CMD_CSIP_DISCOVER [DEVICE ID 0]
[00:00:01.445,404] <wrn> bt_l2cap: Ignoring data for unknown channel ID 0x002a
[00:00:01.544,555] <dbg> bt_csip_set_coordinator: primary_discover_func: [ATTRIBUTE] handle 0x00EC
[00:00:01.644,653] <dbg> bt_csip_set_coordinator: primary_discover_func: Discover complete, found 1 instances
[00:00:01.744,720] <dbg> bt_csip_set_coordinator: discover_func: [ATTRIBUTE] handle 0x00ED
[00:00:01.744,750] <dbg> bt_csip_set_coordinator: discover_func: SIRK
[00:00:01.744,781] <dbg> bt_csip_set_coordinator: discover_func: Subscribing to handle 0x00ED
[00:00:01.744,842] <dbg> bt_csip_set_coordinator: discover_func: Subscribed to handle 0x00ED
[00:00:01.744,873] <dbg> bt_csip_set_coordinator: discover_func: [ATTRIBUTE] handle 0x00F0
[00:00:01.744,903] <dbg> bt_csip_set_coordinator: discover_func: Set size
[00:00:01.744,903] <dbg> bt_csip_set_coordinator: discover_func: Subscribing to handle 0x00F0
[00:00:01.744,964] <dbg> bt_csip_set_coordinator: discover_func: Subscribed to handle 0x00F0
[00:00:01.744,964] <dbg> bt_csip_set_coordinator: discover_func: [ATTRIBUTE] handle 0x00F3
[00:00:01.744,995] <dbg> bt_csip_set_coordinator: discover_func: Set lock
[00:00:01.745,025] <dbg> bt_csip_set_coordinator: discover_func: Subscribing to handle 0x00F3
[00:00:01.745,086] <dbg> bt_csip_set_coordinator: discover_func: Subscribed to handle 0x00F3
[00:00:02.144,622] <dbg> bt_csip_set_coordinator: discover_func: [ATTRIBUTE] handle 0x00F6
[00:00:02.144,653] <dbg> bt_csip_set_coordinator: discover_func: Set rank
[00:00:02.594,573] <dbg> bt_csip_set_coordinator: discover_func: Setup complete for 1 / 1
[00:00:02.694,641] <dbg> bt_csip_set_coordinator: csip_set_coordinator_discover_insts_read_sirk_cb: Data read
                                                  01 4f 34 3c f3 c8 af 54  f3 87 9b 1b c7 f4 5c 30 |.O4<...T ......\0
                                                  49                                               |I                
[00:00:02.694,671] <dbg> bt_csip_set_coordinator: parse_sirk: SIRK not encrypted
[00:00:02.694,702] <dbg> bt_csip_set_coordinator: parse_sirk: SIRK
                                                  4f 34 3c f3 c8 af 54 f3  87 9b 1b c7 f4 5c 30 49 |O4<...T. .....\0I
[00:00:02.794,586] <dbg> bt_csip_set_coordinator: csip_set_coordinator_discover_insts_read_set_size_cb: Data read
                                                  02                                               |.                
[00:00:02.794,586] <dbg> bt_csip_set_coordinator: csip_set_coordinator_discover_insts_read_set_size_cb: 2
[00:00:02.894,592] <dbg> bt_csip_set_coordinator: csip_set_coordinator_discover_insts_read_rank_cb: Data read
                                                  01                                               |.                
[00:00:02.894,592] <dbg> bt_csip_set_coordinator: csip_set_coordinator_discover_insts_read_rank_cb: 1
[00:00:02.894,622] <inf> csip_coordinator: CSIP Coordinator discovered successfully [DEVICE ID 0]
[00:00:02.894,622] <inf> csip_coordinator:   Set count: 1
[00:00:02.894,653] <inf> csip_coordinator:   SIRK extracted successfully [DEVICE ID 0]
[00:00:02.894,653] <dbg> csip_coordinator: csip_discover_cb: SIRK:
                                           4f 34 3c f3 c8 af 54 f3  87 9b 1b c7 f4 5c 30 49 |O4<...T. .....\0I
[00:00:02.894,683] <inf> csip_coordinator:   Rank: 1 [DEVICE ID 0]
[00:00:02.894,683] <inf> csip_coordinator:   Set size: 2 [DEVICE ID 0]
[00:00:02.894,714] <inf> csip_coordinator:   Lock supported: yes [DEVICE ID 0]
[00:00:02.895,019] <inf> csip_coordinator: Stored CSIP info for CC:89:6C:EE:40:F3 (public): rank=1
[00:00:02.895,050] <inf> csip_coordinator: CSIP data stored to flash [DEVICE ID 0]
[00:00:02.895,050] <inf> connection_strategy: State machine: CSIP discovered on device 0 (phase: 1)
[00:00:02.895,050] <inf> connection_strategy: Single bond: Primary device discovered - starting RSI scanning for pair
[00:00:02.895,050] <inf> connection_strategy: Starting RSI scan for set pair [DEVICE ID 0]
[00:00:02.895,080] <inf> connection_strategy: Using SIRK from device 0 (rank 1) to search for pair
[00:00:02.895,111] <dbg> connection_strategy: start_rsi_scan_for_pair: SIRK:
                                              4f 34 3c f3 c8 af 54 f3  87 9b 1b c7 f4 5c 30 49 |O4<...T. .....\0I
[00:00:02.895,477] <inf> connection_strategy: RSI scan started successfully (10 second timeout)
[00:00:02.895,538] <dbg> ble_manager: ble_cmd_complete: BLE command completed successfully: type=BLE_CMD_CSIP_DISCOVER [DEVICE ID 0]
[00:00:02.895,538] <dbg> ble_manager: ble_process_next_command: No BLE commands in queue [DEVICE ID 0]
[00:00:03.170,135] <dbg> connection_strategy: rsi_device_found: Found RSI advertisement from 50:CA:2B:4D:70:0F (random), rssi: -71
[00:00:03.170,166] <dbg> connection_strategy: rsi_device_found: RSI advertisement:
                                              da d9 65 30 e8 6c                                |..e0.l           
[00:00:03.170,196] <dbg> connection_strategy: rsi_device_found: Checking against SIRK:
                                              4f 34 3c f3 c8 af 54 f3  87 9b 1b c7 f4 5c 30 49 |O4<...T. .....\0I
[00:00:03.170,227] <dbg> bt_csip_set_coordinator: bt_csip_set_coordinator_is_set_member: hash: dad965
[00:00:03.170,257] <dbg> bt_csip_set_coordinator: bt_csip_set_coordinator_is_set_member: prand 30e86c
[00:00:03.170,318] <dbg> bt_csip_set_coordinator: bt_csip_set_coordinator_is_set_member: calculated_hash: 31cd87
[00:00:03.170,349] <dbg> bt_csip_set_coordinator: bt_csip_set_coordinator_is_set_member: hash: dad965
[00:00:03.233,795] <dbg> connection_strategy: rsi_device_found: Found RSI advertisement from 42:61:A7:E2:D8:1D (random), rssi: -41
[00:00:03.233,825] <dbg> connection_strategy: rsi_device_found: RSI advertisement:
                                              b6 9b 89 ae fa 43                                |.....C           
[00:00:03.233,856] <dbg> connection_strategy: rsi_device_found: Checking against SIRK:
                                              4f 34 3c f3 c8 af 54 f3  87 9b 1b c7 f4 5c 30 49 |O4<...T. .....\0I
[00:00:03.233,886] <dbg> bt_csip_set_coordinator: bt_csip_set_coordinator_is_set_member: hash: b69b89
[00:00:03.233,947] <dbg> bt_csip_set_coordinator: bt_csip_set_coordinator_is_set_member: prand aefa43
[00:00:03.234,008] <dbg> bt_csip_set_coordinator: bt_csip_set_coordinator_is_set_member: calculated_hash: 3c0fe8
[00:00:03.234,039] <dbg> bt_csip_set_coordinator: bt_csip_set_coordinator_is_set_member: hash: b69b89
[00:00:03.499,816] <dbg> connection_strategy: rsi_device_found: Found RSI advertisement from 42:61:A7:E2:D8:1D (random), rssi: -41
[00:00:03.499,847] <dbg> connection_strategy: rsi_device_found: RSI advertisement:
                                              b6 9b 89 ae fa 43                                |.....C           
[00:00:03.499,877] <dbg> connection_strategy: rsi_device_found: Checking against SIRK:
                                              4f 34 3c f3 c8 af 54 f3  87 9b 1b c7 f4 5c 30 49 |O4<...T. .....\0I
[00:00:03.499,908] <dbg> bt_csip_set_coordinator: bt_csip_set_coordinator_is_set_member: hash: b69b89
[00:00:03.499,969] <dbg> bt_csip_set_coordinator: bt_csip_set_coordinator_is_set_member: prand aefa43
[00:00:03.500,030] <dbg> bt_csip_set_coordinator: bt_csip_set_coordinator_is_set_member: calculated_hash: 3c0fe8
[00:00:03.500,061] <dbg> bt_csip_set_coordinator: bt_csip_set_coordinator_is_set_member: hash: b69b89
[00:00:03.764,038] <dbg> connection_strategy: rsi_device_found: Found RSI advertisement from 42:61:A7:E2:D8:1D (random), rssi: -43
[00:00:03.764,068] <dbg> connection_strategy: rsi_device_found: RSI advertisement:
                                              b6 9b 89 ae fa 43                                |.....C           
[00:00:03.764,099] <dbg> connection_strategy: rsi_device_found: Checking against SIRK:
                                              4f 34 3c f3 c8 af 54 f3  87 9b 1b c7 f4 5c 30 49 |O4<...T. .....\0I
[00:00:03.764,160] <dbg> bt_csip_set_coordinator: bt_csip_set_coordinator_is_set_member: hash: b69b89
[00:00:03.764,190] <dbg> bt_csip_set_coordinator: bt_csip_set_coordinator_is_set_member: prand aefa43
[00:00:03.764,251] <dbg> bt_csip_set_coordinator: bt_csip_set_coordinator_is_set_member: calculated_hash: 3c0fe8
[00:00:03.764,282] <dbg> bt_csip_set_coordinator: bt_csip_set_coordinator_is_set_member: hash: b69b89
[00:00:03.808,349] <dbg> connection_strategy: rsi_device_found: Found RSI advertisement from 58:44:1A:BB:AC:76 (random), rssi: -85
[00:00:03.808,380] <dbg> connection_strategy: rsi_device_found: RSI advertisement:
                                              62 9e 76 19 ae 41                                |b.v..A           
[00:00:03.808,410] <dbg> connection_strategy: rsi_device_found: Checking against SIRK:
                                              4f 34 3c f3 c8 af 54 f3  87 9b 1b c7 f4 5c 30 49 |O4<...T. .....\0I
[00:00:03.808,441] <dbg> bt_csip_set_coordinator: bt_csip_set_coordinator_is_set_member: hash: 629e76
[00:00:03.808,502] <dbg> bt_csip_set_coordinator: bt_csip_set_coordinator_is_set_member: prand 19ae41
[00:00:03.808,532] <dbg> bt_csip_set_coordinator: bt_csip_set_coordinator_is_set_member: calculated_hash: ed5d19
[00:00:03.808,593] <dbg> bt_csip_set_coordinator: bt_csip_set_coordinator_is_set_member: hash: 629e76
[00:00:03.957,000] <dbg> connection_strategy: rsi_device_found: Found RSI advertisement from 50:CA:2B:4D:70:0F (random), rssi: -77
[00:00:03.957,031] <dbg> connection_strategy: rsi_device_found: RSI advertisement:
                                              da d9 65 30 e8 6c                                |..e0.l           
[00:00:03.957,061] <dbg> connection_strategy: rsi_device_found: Checking against SIRK:
                                              4f 34 3c f3 c8 af 54 f3  87 9b 1b c7 f4 5c 30 49 |O4<...T. .....\0I
[00:00:03.957,092] <dbg> bt_csip_set_coordinator: bt_csip_set_coordinator_is_set_member: hash: dad965
[00:00:03.957,122] <dbg> bt_csip_set_coordinator: bt_csip_set_coordinator_is_set_member: prand 30e86c
[00:00:03.957,183] <dbg> bt_csip_set_coordinator: bt_csip_set_coordinator_is_set_member: calculated_hash: 31cd87
[00:00:03.957,214] <dbg> bt_csip_set_coordinator: bt_csip_set_coordinator_is_set_member: hash: dad965
[00:00:03.971,008] <dbg> connection_strategy: rsi_device_found: Found RSI advertisement from 51:B6:1F:FD:55:72 (random), rssi: -39
[00:00:03.971,008] <dbg> connection_strategy: rsi_device_found: RSI advertisement:
                                              29 35 92 83 b9 5c                                |)5...\           
[00:00:03.971,038] <dbg> connection_strategy: rsi_device_found: Checking against SIRK:
                                              4f 34 3c f3 c8 af 54 f3  87 9b 1b c7 f4 5c 30 49 |O4<...T. .....\0I
[00:00:03.971,069] <dbg> bt_csip_set_coordinator: bt_csip_set_coordinator_is_set_member: hash: 293592
[00:00:03.971,099] <dbg> bt_csip_set_coordinator: bt_csip_set_coordinator_is_set_member: prand 83b95c
[00:00:03.971,160] <dbg> bt_csip_set_coordinator: bt_csip_set_coordinator_is_set_member: calculated_hash: 1cb93b
[00:00:03.971,221] <dbg> bt_csip_set_coordinator: bt_csip_set_coordinator_is_set_member: hash: 293592
[00:00:04.023,742] <dbg> connection_strategy: rsi_device_found: Found RSI advertisement from 42:61:A7:E2:D8:1D (random), rssi: -41
[00:00:04.023,773] <dbg> connection_strategy: rsi_device_found: RSI advertisement:
                                              b6 9b 89 ae fa 43                                |.....C           
[00:00:04.023,803] <dbg> connection_strategy: rsi_device_found: Checking against SIRK:
                                              4f 34 3c f3 c8 af 54 f3  87 9b 1b c7 f4 5c 30 49 |O4<...T. .....\0I
[00:00:04.023,834] <dbg> bt_csip_set_coordinator: bt_csip_set_coordinator_is_set_member: hash: b69b89
[00:00:04.023,895] <dbg> bt_csip_set_coordinator: bt_csip_set_coordinator_is_set_member: prand aefa43
[00:00:04.023,986] <dbg> bt_csip_set_coordinator: bt_csip_set_coordinator_is_set_member: calculated_hash: 3c0fe8
[00:00:04.024,017] <dbg> bt_csip_set_coordinator: bt_csip_set_coordinator_is_set_member: hash: b69b89
[00:00:04.497,467] <dbg> connection_strategy: rsi_device_found: Found RSI advertisement from 51:B6:1F:FD:55:72 (random), rssi: -39
[00:00:04.497,497] <dbg> connection_strategy: rsi_device_found: RSI advertisement:
                                              29 35 92 83 b9 5c                                |)5...\           
[00:00:04.497,528] <dbg> connection_strategy: rsi_device_found: Checking against SIRK:
                                              4f 34 3c f3 c8 af 54 f3  87 9b 1b c7 f4 5c 30 49 |O4<...T. .....\0I
[00:00:04.497,558] <dbg> bt_csip_set_coordinator: bt_csip_set_coordinator_is_set_member: hash: 293592
[00:00:04.497,619] <dbg> bt_csip_set_coordinator: bt_csip_set_coordinator_is_set_member: prand 83b95c
[00:00:04.497,680] <dbg> bt_csip_set_coordinator: bt_csip_set_coordinator_is_set_member: calculated_hash: 1cb93b
[00:00:04.497,711] <dbg> bt_csip_set_coordinator: bt_csip_set_coordinator_is_set_member: hash: 293592
[00:00:05.012,603] <dbg> connection_strategy: rsi_device_found: Found RSI advertisement from 50:CA:2B:4D:70:0F (random), rssi: -69
[00:00:05.012,634] <dbg> connection_strategy: rsi_device_found: RSI advertisement:
                                              da d9 65 30 e8 6c                                |..e0.l           
[00:00:05.012,664] <dbg> connection_strategy: rsi_device_found: Checking against SIRK:
                                              4f 34 3c f3 c8 af 54 f3  87 9b 1b c7 f4 5c 30 49 |O4<...T. .....\0I
[00:00:05.012,695] <dbg> bt_csip_set_coordinator: bt_csip_set_coordinator_is_set_member: hash: dad965
[00:00:05.012,725] <dbg> bt_csip_set_coordinator: bt_csip_set_coordinator_is_set_member: prand 30e86c
[00:00:05.012,786] <dbg> bt_csip_set_coordinator: bt_csip_set_coordinator_is_set_member: calculated_hash: 31cd87
[00:00:05.012,817] <dbg> bt_csip_set_coordinator: bt_csip_set_coordinator_is_set_member: hash: dad965
[00:00:05.015,594] <dbg> connection_strategy: rsi_device_found: Found RSI advertisement from 51:B6:1F:FD:55:72 (random), rssi: -41
[00:00:05.015,625] <dbg> connection_strategy: rsi_device_found: RSI advertisement:
                                              29 35 92 83 b9 5c                                |)5...\           
[00:00:05.015,655] <dbg> connection_strategy: rsi_device_found: Checking against SIRK:
                                              4f 34 3c f3 c8 af 54 f3  87 9b 1b c7 f4 5c 30 49 |O4<...T. .....\0I
[00:00:05.015,686] <dbg> bt_csip_set_coordinator: bt_csip_set_coordinator_is_set_member: hash: 293592
[00:00:05.015,716] <dbg> bt_csip_set_coordinator: bt_csip_set_coordinator_is_set_member: prand 83b95c
[00:00:05.015,777] <dbg> bt_csip_set_coordinator: bt_csip_set_coordinator_is_set_member: calculated_hash: 1cb93b
[00:00:05.015,808] <dbg> bt_csip_set_coordinator: bt_csip_set_coordinator_is_set_member: hash: 293592
[00:00:05.082,489] <dbg> connection_strategy: rsi_device_found: Found RSI advertisement from 42:61:A7:E2:D8:1D (random), rssi: -40
[00:00:05.082,489] <dbg> connection_strategy: rsi_device_found: RSI advertisement:
                                              b6 9b 89 ae fa 43                                |.....C           
[00:00:05.082,519] <dbg> connection_strategy: rsi_device_found: Checking against SIRK:
                                              4f 34 3c f3 c8 af 54 f3  87 9b 1b c7 f4 5c 30 49 |O4<...T. .....\0I
[00:00:05.082,550] <dbg> bt_csip_set_coordinator: bt_csip_set_coordinator_is_set_member: hash: b69b89
[00:00:05.082,611] <dbg> bt_csip_set_coordinator: bt_csip_set_coordinator_is_set_member: prand aefa43
[00:00:05.082,672] <dbg> bt_csip_set_coordinator: bt_csip_set_coordinator_is_set_member: calculated_hash: 3c0fe8
[00:00:05.082,702] <dbg> bt_csip_set_coordinator: bt_csip_set_coordinator_is_set_member: hash: b69b89
[00:00:05.271,972] <dbg> connection_strategy: rsi_device_found: Found RSI advertisement from 50:CA:2B:4D:70:0F (random), rssi: -68
[00:00:05.272,003] <dbg> connection_strategy: rsi_device_found: RSI advertisement:
                                              da d9 65 30 e8 6c                                |..e0.l           
[00:00:05.272,033] <dbg> connection_strategy: rsi_device_found: Checking against SIRK:
                                              4f 34 3c f3 c8 af 54 f3  87 9b 1b c7 f4 5c 30 49 |O4<...T. .....\0I
[00:00:05.272,064] <dbg> bt_csip_set_coordinator: bt_csip_set_coordinator_is_set_member: hash: dad965
[00:00:05.272,125] <dbg> bt_csip_set_coordinator: bt_csip_set_coordinator_is_set_member: prand 30e86c
[00:00:05.272,155] <dbg> bt_csip_set_coordinator: bt_csip_set_coordinator_is_set_member: calculated_hash: 31cd87
[00:00:05.272,216] <dbg> bt_csip_set_coordinator: bt_csip_set_coordinator_is_set_member: hash: dad965
[00:00:05.278,167] <dbg> connection_strategy: rsi_device_found: Found RSI advertisement from 51:B6:1F:FD:55:72 (random), rssi: -40
[00:00:05.278,198] <dbg> connection_strategy: rsi_device_found: RSI advertisement:
                                              29 35 92 83 b9 5c                                |)5...\           
[00:00:05.278,228] <dbg> connection_strategy: rsi_device_found: Checking against SIRK:
                                              4f 34 3c f3 c8 af 54 f3  87 9b 1b c7 f4 5c 30 49 |O4<...T. .....\0I
[00:00:05.278,259] <dbg> bt_csip_set_coordinator: bt_csip_set_coordinator_is_set_member: hash: 293592
[00:00:05.278,320] <dbg> bt_csip_set_coordinator: bt_csip_set_coordinator_is_set_member: prand 83b95c
[00:00:05.278,381] <dbg> bt_csip_set_coordinator: bt_csip_set_coordinator_is_set_member: calculated_hash: 1cb93b
[00:00:05.278,411] <dbg> bt_csip_set_coordinator: bt_csip_set_coordinator_is_set_member: hash: 293592
[00:00:05.346,221] <dbg> connection_strategy: rsi_device_found: Found RSI advertisement from 42:61:A7:E2:D8:1D (random), rssi: -41
[00:00:05.346,221] <dbg> connection_strategy: rsi_device_found: RSI advertisement:
                                              b6 9b 89 ae fa 43                                |.....C           
[00:00:05.346,252] <dbg> connection_strategy: rsi_device_found: Checking against SIRK:
                                              4f 34 3c f3 c8 af 54 f3  87 9b 1b c7 f4 5c 30 49 |O4<...T. .....\0I
[00:00:05.346,282] <dbg> bt_csip_set_coordinator: bt_csip_set_coordinator_is_set_member: hash: b69b89
[00:00:05.346,343] <dbg> bt_csip_set_coordinator: bt_csip_set_coordinator_is_set_member: prand aefa43
[00:00:05.346,405] <dbg> bt_csip_set_coordinator: bt_csip_set_coordinator_is_set_member: calculated_hash: 3c0fe8
[00:00:05.346,435] <dbg> bt_csip_set_coordinator: bt_csip_set_coordinator_is_set_member: hash: b69b89
[00:00:05.545,837] <dbg> connection_strategy: rsi_device_found: Found RSI advertisement from 51:B6:1F:FD:55:72 (random), rssi: -41
[00:00:05.545,867] <dbg> connection_strategy: rsi_device_found: RSI advertisement:
                                              29 35 92 83 b9 5c                                |)5...\           
[00:00:05.545,867] <dbg> connection_strategy: rsi_device_found: Checking against SIRK:
                                              4f 34 3c f3 c8 af 54 f3  87 9b 1b c7 f4 5c 30 49 |O4<...T. .....\0I
[00:00:05.545,928] <dbg> bt_csip_set_coordinator: bt_csip_set_coordinator_is_set_member: hash: 293592
[00:00:05.545,989] <dbg> bt_csip_set_coordinator: bt_csip_set_coordinator_is_set_member: prand 83b95c
[00:00:05.546,020] <dbg> bt_csip_set_coordinator: bt_csip_set_coordinator_is_set_member: calculated_hash: 1cb93b
[00:00:05.546,051] <dbg> bt_csip_set_coordinator: bt_csip_set_coordinator_is_set_member: hash: 293592
[00:00:05.804,595] <dbg> connection_strategy: rsi_device_found: Found RSI advertisement from 50:CA:2B:4D:70:0F (random), rssi: -70
[00:00:05.804,626] <dbg> connection_strategy: rsi_device_found: RSI advertisement:
                                              da d9 65 30 e8 6c                                |..e0.l           
[00:00:05.804,656] <dbg> connection_strategy: rsi_device_found: Checking against SIRK:
                                              4f 34 3c f3 c8 af 54 f3  87 9b 1b c7 f4 5c 30 49 |O4<...T. .....\0I
[00:00:05.804,687] <dbg> bt_csip_set_coordinator: bt_csip_set_coordinator_is_set_member: hash: dad965
[00:00:05.804,718] <dbg> bt_csip_set_coordinator: bt_csip_set_coordinator_is_set_member: prand 30e86c
[00:00:05.804,779] <dbg> bt_csip_set_coordinator: bt_csip_set_coordinator_is_set_member: calculated_hash: 31cd87
[00:00:05.804,809] <dbg> bt_csip_set_coordinator: bt_csip_set_coordinator_is_set_member: hash: dad965
[00:00:05.867,248] <dbg> connection_strategy: rsi_device_found: Found RSI advertisement from 42:61:A7:E2:D8:1D (random), rssi: -40
[00:00:05.867,279] <dbg> connection_strategy: rsi_device_found: RSI advertisement:
                                              b6 9b 89 ae fa 43                                |.....C           
[00:00:05.867,309] <dbg> connection_strategy: rsi_device_found: Checking against SIRK:
                                              4f 34 3c f3 c8 af 54 f3  87 9b 1b c7 f4 5c 30 49 |O4<...T. .....\0I
[00:00:05.867,340] <dbg> bt_csip_set_coordinator: bt_csip_set_coordinator_is_set_member: hash: b69b89
[00:00:05.867,401] <dbg> bt_csip_set_coordinator: bt_csip_set_coordinator_is_set_member: prand aefa43
[00:00:05.867,462] <dbg> bt_csip_set_coordinator: bt_csip_set_coordinator_is_set_member: calculated_hash: 3c0fe8
[00:00:05.867,492] <dbg> bt_csip_set_coordinator: bt_csip_set_coordinator_is_set_member: hash: b69b89
[00:00:05.913,665] <dbg> connection_strategy: rsi_device_found: Found RSI advertisement from 71:7C:BA:06:10:7B (random), rssi: -87
[00:00:05.913,665] <dbg> connection_strategy: rsi_device_found: RSI advertisement:
                                              ca 3d f5 89 09 57                                |.=...W           
[00:00:05.913,696] <dbg> connection_strategy: rsi_device_found: Checking against SIRK:
                                              4f 34 3c f3 c8 af 54 f3  87 9b 1b c7 f4 5c 30 49 |O4<...T. .....\0I
[00:00:05.913,726] <dbg> bt_csip_set_coordinator: bt_csip_set_coordinator_is_set_member: hash: ca3df5
[00:00:05.913,787] <dbg> bt_csip_set_coordinator: bt_csip_set_coordinator_is_set_member: prand 890957
[00:00:05.913,848] <dbg> bt_csip_set_coordinator: bt_csip_set_coordinator_is_set_member: calculated_hash: 85c290
[00:00:05.913,879] <dbg> bt_csip_set_coordinator: bt_csip_set_coordinator_is_set_member: hash: ca3df5
[00:00:06.129,333] <dbg> connection_strategy: rsi_device_found: Found RSI advertisement from 42:61:A7:E2:D8:1D (random), rssi: -41
[00:00:06.129,364] <dbg> connection_strategy: rsi_device_found: RSI advertisement:
                                              b6 9b 89 ae fa 43                                |.....C           
[00:00:06.129,394] <dbg> connection_strategy: rsi_device_found: Checking against SIRK:
                                              4f 34 3c f3 c8 af 54 f3  87 9b 1b c7 f4 5c 30 49 |O4<...T. .....\0I
[00:00:06.129,425] <dbg> bt_csip_set_coordinator: bt_csip_set_coordinator_is_set_member: hash: b69b89
[00:00:06.129,486] <dbg> bt_csip_set_coordinator: bt_csip_set_coordinator_is_set_member: prand aefa43
[00:00:06.129,547] <dbg> bt_csip_set_coordinator: bt_csip_set_coordinator_is_set_member: calculated_hash: 3c0fe8
[00:00:06.129,577] <dbg> bt_csip_set_coordinator: bt_csip_set_coordinator_is_set_member: hash: b69b89
[00:00:06.179,840] <dbg> connection_strategy: rsi_device_found: Found RSI advertisement from 71:7C:BA:06:10:7B (random), rssi: -86
[00:00:06.179,870] <dbg> connection_strategy: rsi_device_found: RSI advertisement:
                                              ca 3d f5 89 09 57                                |.=...W           
[00:00:06.179,901] <dbg> connection_strategy: rsi_device_found: Checking against SIRK:
                                              4f 34 3c f3 c8 af 54 f3  87 9b 1b c7 f4 5c 30 49 |O4<...T. .....\0I
[00:00:06.179,931] <dbg> bt_csip_set_coordinator: bt_csip_set_coordinator_is_set_member: hash: ca3df5
[00:00:06.179,992] <dbg> bt_csip_set_coordinator: bt_csip_set_coordinator_is_set_member: prand 890957
[00:00:06.180,053] <dbg> bt_csip_set_coordinator: bt_csip_set_coordinator_is_set_member: calculated_hash: 85c290
[00:00:06.180,084] <dbg> bt_csip_set_coordinator: bt_csip_set_coordinator_is_set_member: hash: ca3df5
[00:00:06.323,425] <dbg> connection_strategy: rsi_device_found: Found RSI advertisement from 50:CA:2B:4D:70:0F (random), rssi: -70
[00:00:06.323,455] <dbg> connection_strategy: rsi_device_found: RSI advertisement:
                                              da d9 65 30 e8 6c                                |..e0.l           
[00:00:06.323,486] <dbg> connection_strategy: rsi_device_found: Checking against SIRK:
                                              4f 34 3c f3 c8 af 54 f3  87 9b 1b c7 f4 5c 30 49 |O4<...T. .....\0I
[00:00:06.323,516] <dbg> bt_csip_set_coordinator: bt_csip_set_coordinator_is_set_member: hash: dad965
[00:00:06.323,577] <dbg> bt_csip_set_coordinator: bt_csip_set_coordinator_is_set_member: prand 30e86c
[00:00:06.323,638] <dbg> bt_csip_set_coordinator: bt_csip_set_coordinator_is_set_member: calculated_hash: 31cd87
[00:00:06.323,669] <dbg> bt_csip_set_coordinator: bt_csip_set_coordinator_is_set_member: hash: dad965
[00:00:06.657,196] <dbg> connection_strategy: rsi_device_found: Found RSI advertisement from 42:61:A7:E2:D8:1D (random), rssi: -41
[00:00:06.657,226] <dbg> connection_strategy: rsi_device_found: RSI advertisement:
                                              b6 9b 89 ae fa 43                                |.....C           
[00:00:06.657,257] <dbg> connection_strategy: rsi_device_found: Checking against SIRK:
                                              4f 34 3c f3 c8 af 54 f3  87 9b 1b c7 f4 5c 30 49 |O4<...T. .....\0I
[00:00:06.657,287] <dbg> bt_csip_set_coordinator: bt_csip_set_coordinator_is_set_member: hash: b69b89
[00:00:06.657,348] <dbg> bt_csip_set_coordinator: bt_csip_set_coordinator_is_set_member: prand aefa43
[00:00:06.657,409] <dbg> bt_csip_set_coordinator: bt_csip_set_coordinator_is_set_member: calculated_hash: 3c0fe8
[00:00:06.657,440] <dbg> bt_csip_set_coordinator: bt_csip_set_coordinator_is_set_member: hash: b69b89
[00:00:06.916,290] <dbg> connection_strategy: rsi_device_found: Found RSI advertisement from 42:61:A7:E2:D8:1D (random), rssi: -41
[00:00:06.916,320] <dbg> connection_strategy: rsi_device_found: RSI advertisement:
                                              b6 9b 89 ae fa 43                                |.....C           
[00:00:06.916,351] <dbg> connection_strategy: rsi_device_found: Checking against SIRK:
                                              4f 34 3c f3 c8 af 54 f3  87 9b 1b c7 f4 5c 30 49 |O4<...T. .....\0I
[00:00:06.916,412] <dbg> bt_csip_set_coordinator: bt_csip_set_coordinator_is_set_member: hash: b69b89
[00:00:06.916,473] <dbg> bt_csip_set_coordinator: bt_csip_set_coordinator_is_set_member: prand aefa43
[00:00:06.916,503] <dbg> bt_csip_set_coordinator: bt_csip_set_coordinator_is_set_member: calculated_hash: 3c0fe8
[00:00:06.916,564] <dbg> bt_csip_set_coordinator: bt_csip_set_coordinator_is_set_member: hash: b69b89
[00:00:07.112,945] <dbg> connection_strategy: rsi_device_found: Found RSI advertisement from 51:B6:1F:FD:55:72 (random), rssi: -39
[00:00:07.112,976] <dbg> connection_strategy: rsi_device_found: RSI advertisement:
                                              29 35 92 83 b9 5c                                |)5...\           
[00:00:07.113,006] <dbg> connection_strategy: rsi_device_found: Checking against SIRK:
                                              4f 34 3c f3 c8 af 54 f3  87 9b 1b c7 f4 5c 30 49 |O4<...T. .....\0I
[00:00:07.113,037] <dbg> bt_csip_set_coordinator: bt_csip_set_coordinator_is_set_member: hash: 293592
[00:00:07.113,098] <dbg> bt_csip_set_coordinator: bt_csip_set_coordinator_is_set_member: prand 83b95c
[00:00:07.113,128] <dbg> bt_csip_set_coordinator: bt_csip_set_coordinator_is_set_member: calculated_hash: 1cb93b
[00:00:07.113,159] <dbg> bt_csip_set_coordinator: bt_csip_set_coordinator_is_set_member: hash: 293592
[00:00:07.184,234] <dbg> connection_strategy: rsi_device_found: Found RSI advertisement from 42:61:A7:E2:D8:1D (random), rssi: -41
[00:00:07.184,265] <dbg> connection_strategy: rsi_device_found: RSI advertisement:
                                              b6 9b 89 ae fa 43                                |.....C           
[00:00:07.184,295] <dbg> connection_strategy: rsi_device_found: Checking against SIRK:
                                              4f 34 3c f3 c8 af 54 f3  87 9b 1b c7 f4 5c 30 49 |O4<...T. .....\0I
[00:00:07.184,326] <dbg> bt_csip_set_coordinator: bt_csip_set_coordinator_is_set_member: hash: b69b89
[00:00:07.184,387] <dbg> bt_csip_set_coordinator: bt_csip_set_coordinator_is_set_member: prand aefa43
[00:00:07.184,448] <dbg> bt_csip_set_coordinator: bt_csip_set_coordinator_is_set_member: calculated_hash: 3c0fe8
[00:00:07.184,478] <dbg> bt_csip_set_coordinator: bt_csip_set_coordinator_is_set_member: hash: b69b89
[00:00:07.641,265] <dbg> connection_strategy: rsi_device_found: Found RSI advertisement from 51:B6:1F:FD:55:72 (random), rssi: -40
[00:00:07.641,296] <dbg> connection_strategy: rsi_device_found: RSI advertisement:
                                              29 35 92 83 b9 5c                                |)5...\           
[00:00:07.641,326] <dbg> connection_strategy: rsi_device_found: Checking against SIRK:
                                              4f 34 3c f3 c8 af 54 f3  87 9b 1b c7 f4 5c 30 49 |O4<...T. .....\0I
[00:00:07.641,357] <dbg> bt_csip_set_coordinator: bt_csip_set_coordinator_is_set_member: hash: 293592
[00:00:07.641,418] <dbg> bt_csip_set_coordinator: bt_csip_set_coordinator_is_set_member: prand 83b95c
[00:00:07.641,479] <dbg> bt_csip_set_coordinator: bt_csip_set_coordinator_is_set_member: calculated_hash: 1cb93b
[00:00:07.641,510] <dbg> bt_csip_set_coordinator: bt_csip_set_coordinator_is_set_member: hash: 293592
[00:00:07.943,267] <dbg> connection_strategy: rsi_device_found: Found RSI advertisement from 63:B6:CA:37:91:ED (random), rssi: -82
[00:00:07.943,298] <dbg> connection_strategy: rsi_device_found: RSI advertisement:
                                              ae f3 49 61 f9 55                                |..Ia.U           
[00:00:07.943,298] <dbg> connection_strategy: rsi_device_found: Checking against SIRK:
                                              4f 34 3c f3 c8 af 54 f3  87 9b 1b c7 f4 5c 30 49 |O4<...T. .....\0I
[00:00:07.943,389] <dbg> bt_csip_set_coordinator: bt_csip_set_coordinator_is_set_member: hash: aef349
[00:00:07.943,420] <dbg> bt_csip_set_coordinator: bt_csip_set_coordinator_is_set_member: prand 61f955
[00:00:07.943,481] <dbg> bt_csip_set_coordinator: bt_csip_set_coordinator_is_set_member: calculated_hash: c31d5f
[00:00:07.943,511] <dbg> bt_csip_set_coordinator: bt_csip_set_coordinator_is_set_member: hash: aef349
[00:00:08.162,292] <dbg> connection_strategy: rsi_device_found: Found RSI advertisement from 51:B6:1F:FD:55:72 (random), rssi: -39
[00:00:08.162,322] <dbg> connection_strategy: rsi_device_found: RSI advertisement:
                                              29 35 92 83 b9 5c                                |)5...\           
[00:00:08.162,353] <dbg> connection_strategy: rsi_device_found: Checking against SIRK:
                                              4f 34 3c f3 c8 af 54 f3  87 9b 1b c7 f4 5c 30 49 |O4<...T. .....\0I
[00:00:08.162,384] <dbg> bt_csip_set_coordinator: bt_csip_set_coordinator_is_set_member: hash: 293592
[00:00:08.162,445] <dbg> bt_csip_set_coordinator: bt_csip_set_coordinator_is_set_member: prand 83b95c
[00:00:08.162,506] <dbg> bt_csip_set_coordinator: bt_csip_set_coordinator_is_set_member: calculated_hash: 1cb93b
[00:00:08.162,536] <dbg> bt_csip_set_coordinator: bt_csip_set_coordinator_is_set_member: hash: 293592
[00:00:08.234,680] <dbg> connection_strategy: rsi_device_found: Found RSI advertisement from 42:61:A7:E2:D8:1D (random), rssi: -40
[00:00:08.234,710] <dbg> connection_strategy: rsi_device_found: RSI advertisement:
                                              b6 9b 89 ae fa 43                                |.....C           
[00:00:08.234,741] <dbg> connection_strategy: rsi_device_found: Checking against SIRK:
                                              4f 34 3c f3 c8 af 54 f3  87 9b 1b c7 f4 5c 30 49 |O4<...T. .....\0I
[00:00:08.234,771] <dbg> bt_csip_set_coordinator: bt_csip_set_coordinator_is_set_member: hash: b69b89
[00:00:08.234,832] <dbg> bt_csip_set_coordinator: bt_csip_set_coordinator_is_set_member: prand aefa43
[00:00:08.234,893] <dbg> bt_csip_set_coordinator: bt_csip_set_coordinator_is_set_member: calculated_hash: 3c0fe8
[00:00:08.234,924] <dbg> bt_csip_set_coordinator: bt_csip_set_coordinator_is_set_member: hash: b69b89
[00:00:08.416,900] <dbg> connection_strategy: rsi_device_found: Found RSI advertisement from 50:CA:2B:4D:70:0F (random), rssi: -68
[00:00:08.416,931] <dbg> connection_strategy: rsi_device_found: RSI advertisement:
                                              da d9 65 30 e8 6c                                |..e0.l           
[00:00:08.416,961] <dbg> connection_strategy: rsi_device_found: Checking against SIRK:
                                              4f 34 3c f3 c8 af 54 f3  87 9b 1b c7 f4 5c 30 49 |O4<...T. .....\0I
[00:00:08.416,992] <dbg> bt_csip_set_coordinator: bt_csip_set_coordinator_is_set_member: hash: dad965
[00:00:08.417,022] <dbg> bt_csip_set_coordinator: bt_csip_set_coordinator_is_set_member: prand 30e86c
[00:00:08.417,083] <dbg> bt_csip_set_coordinator: bt_csip_set_coordinator_is_set_member: calculated_hash: 31cd87
[00:00:08.417,114] <dbg> bt_csip_set_coordinator: bt_csip_set_coordinator_is_set_member: hash: dad965
[00:00:08.427,398] <dbg> connection_strategy: rsi_device_found: Found RSI advertisement from 51:B6:1F:FD:55:72 (random), rssi: -41
[00:00:08.427,429] <dbg> connection_strategy: rsi_device_found: RSI advertisement:
                                              29 35 92 83 b9 5c                                |)5...\           
[00:00:08.427,429] <dbg> connection_strategy: rsi_device_found: Checking against SIRK:
                                              4f 34 3c f3 c8 af 54 f3  87 9b 1b c7 f4 5c 30 49 |O4<...T. .....\0I
[00:00:08.427,459] <dbg> bt_csip_set_coordinator: bt_csip_set_coordinator_is_set_member: hash: 293592
[00:00:08.427,520] <dbg> bt_csip_set_coordinator: bt_csip_set_coordinator_is_set_member: prand 83b95c
[00:00:08.427,581] <dbg> bt_csip_set_coordinator: bt_csip_set_coordinator_is_set_member: calculated_hash: 1cb93b
[00:00:08.427,612] <dbg> bt_csip_set_coordinator: bt_csip_set_coordinator_is_set_member: hash: 293592
[00:00:08.510,498] <dbg> connection_strategy: rsi_device_found: Found RSI advertisement from 58:44:1A:BB:AC:76 (random), rssi: -80
[00:00:08.510,528] <dbg> connection_strategy: rsi_device_found: RSI advertisement:
                                              62 9e 76 19 ae 41                                |b.v..A           
[00:00:08.510,559] <dbg> connection_strategy: rsi_device_found: Checking against SIRK:
                                              4f 34 3c f3 c8 af 54 f3  87 9b 1b c7 f4 5c 30 49 |O4<...T. .....\0I
[00:00:08.510,589] <dbg> bt_csip_set_coordinator: bt_csip_set_coordinator_is_set_member: hash: 629e76
[00:00:08.510,620] <dbg> bt_csip_set_coordinator: bt_csip_set_coordinator_is_set_member: prand 19ae41
[00:00:08.510,681] <dbg> bt_csip_set_coordinator: bt_csip_set_coordinator_is_set_member: calculated_hash: ed5d19
[00:00:08.510,711] <dbg> bt_csip_set_coordinator: bt_csip_set_coordinator_is_set_member: hash: 629e76
[00:00:08.690,277] <dbg> connection_strategy: rsi_device_found: Found RSI advertisement from 51:B6:1F:FD:55:72 (random), rssi: -38
[00:00:08.690,277] <dbg> connection_strategy: rsi_device_found: RSI advertisement:
                                              29 35 92 83 b9 5c                                |)5...\           
[00:00:08.690,307] <dbg> connection_strategy: rsi_device_found: Checking against SIRK:
                                              4f 34 3c f3 c8 af 54 f3  87 9b 1b c7 f4 5c 30 49 |O4<...T. .....\0I
[00:00:08.690,338] <dbg> bt_csip_set_coordinator: bt_csip_set_coordinator_is_set_member: hash: 293592
[00:00:08.690,399] <dbg> bt_csip_set_coordinator: bt_csip_set_coordinator_is_set_member: prand 83b95c
[00:00:08.690,460] <dbg> bt_csip_set_coordinator: bt_csip_set_coordinator_is_set_member: calculated_hash: 1cb93b
[00:00:08.690,490] <dbg> bt_csip_set_coordinator: bt_csip_set_coordinator_is_set_member: hash: 293592
[00:00:08.758,728] <dbg> connection_strategy: rsi_device_found: Found RSI advertisement from 42:61:A7:E2:D8:1D (random), rssi: -40
[00:00:08.758,758] <dbg> connection_strategy: rsi_device_found: RSI advertisement:
                                              b6 9b 89 ae fa 43                                |.....C           
[00:00:08.758,758] <dbg> connection_strategy: rsi_device_found: Checking against SIRK:
                                              4f 34 3c f3 c8 af 54 f3  87 9b 1b c7 f4 5c 30 49 |O4<...T. .....\0I
[00:00:08.758,819] <dbg> bt_csip_set_coordinator: bt_csip_set_coordinator_is_set_member: hash: b69b89
[00:00:08.758,880] <dbg> bt_csip_set_coordinator: bt_csip_set_coordinator_is_set_member: prand aefa43
[00:00:08.758,911] <dbg> bt_csip_set_coordinator: bt_csip_set_coordinator_is_set_member: calculated_hash: 3c0fe8
[00:00:08.758,941] <dbg> bt_csip_set_coordinator: bt_csip_set_coordinator_is_set_member: hash: b69b89
[00:00:08.774,536] <dbg> connection_strategy: rsi_device_found: Found RSI advertisement from 58:44:1A:BB:AC:76 (random), rssi: -80
[00:00:08.774,566] <dbg> connection_strategy: rsi_device_found: RSI advertisement:
                                              62 9e 76 19 ae 41                                |b.v..A           
[00:00:08.774,566] <dbg> connection_strategy: rsi_device_found: Checking against SIRK:
                                              4f 34 3c f3 c8 af 54 f3  87 9b 1b c7 f4 5c 30 49 |O4<...T. .....\0I
[00:00:08.774,597] <dbg> bt_csip_set_coordinator: bt_csip_set_coordinator_is_set_member: hash: 629e76
[00:00:08.774,658] <dbg> bt_csip_set_coordinator: bt_csip_set_coordinator_is_set_member: prand 19ae41
[00:00:08.774,719] <dbg> bt_csip_set_coordinator: bt_csip_set_coordinator_is_set_member: calculated_hash: ed5d19
[00:00:08.774,749] <dbg> bt_csip_set_coordinator: bt_csip_set_coordinator_is_set_member: hash: 629e76
[00:00:08.957,366] <dbg> connection_strategy: rsi_device_found: Found RSI advertisement from 51:B6:1F:FD:55:72 (random), rssi: -39
[00:00:08.957,397] <dbg> connection_strategy: rsi_device_found: RSI advertisement:
                                              29 35 92 83 b9 5c                                |)5...\           
[00:00:08.957,427] <dbg> connection_strategy: rsi_device_found: Checking against SIRK:
                                              4f 34 3c f3 c8 af 54 f3  87 9b 1b c7 f4 5c 30 49 |O4<...T. .....\0I
[00:00:08.957,458] <dbg> bt_csip_set_coordinator: bt_csip_set_coordinator_is_set_member: hash: 293592
[00:00:08.957,519] <dbg> bt_csip_set_coordinator: bt_csip_set_coordinator_is_set_member: prand 83b95c
[00:00:08.957,580] <dbg> bt_csip_set_coordinator: bt_csip_set_coordinator_is_set_member: calculated_hash: 1cb93b
[00:00:08.957,611] <dbg> bt_csip_set_coordinator: bt_csip_set_coordinator_is_set_member: hash: 293592
[00:00:09.281,036] <dbg> connection_strategy: rsi_device_found: Found RSI advertisement from 42:61:A7:E2:D8:1D (random), rssi: -41
[00:00:09.281,066] <dbg> connection_strategy: rsi_device_found: RSI advertisement:
                                              b6 9b 89 ae fa 43                                |.....C           
[00:00:09.281,066] <dbg> connection_strategy: rsi_device_found: Checking against SIRK:
                                              4f 34 3c f3 c8 af 54 f3  87 9b 1b c7 f4 5c 30 49 |O4<...T. .....\0I
[00:00:09.281,127] <dbg> bt_csip_set_coordinator: bt_csip_set_coordinator_is_set_member: hash: b69b89
[00:00:09.281,188] <dbg> bt_csip_set_coordinator: bt_csip_set_coordinator_is_set_member: prand aefa43
[00:00:09.281,219] <dbg> bt_csip_set_coordinator: bt_csip_set_coordinator_is_set_member: calculated_hash: 3c0fe8
[00:00:09.281,250] <dbg> bt_csip_set_coordinator: bt_csip_set_coordinator_is_set_member: hash: b69b89
[00:00:09.479,034] <dbg> connection_strategy: rsi_device_found: Found RSI advertisement from 51:B6:1F:FD:55:72 (random), rssi: -38
[00:00:09.479,064] <dbg> connection_strategy: rsi_device_found: RSI advertisement:
                                              29 35 92 83 b9 5c                                |)5...\           
[00:00:09.479,064] <dbg> connection_strategy: rsi_device_found: Checking against SIRK:
                                              4f 34 3c f3 c8 af 54 f3  87 9b 1b c7 f4 5c 30 49 |O4<...T. .....\0I
[00:00:09.479,125] <dbg> bt_csip_set_coordinator: bt_csip_set_coordinator_is_set_member: hash: 293592
[00:00:09.479,187] <dbg> bt_csip_set_coordinator: bt_csip_set_coordinator_is_set_member: prand 83b95c
[00:00:09.479,217] <dbg> bt_csip_set_coordinator: bt_csip_set_coordinator_is_set_member: calculated_hash: 1cb93b
[00:00:09.479,278] <dbg> bt_csip_set_coordinator: bt_csip_set_coordinator_is_set_member: hash: 293592
[00:00:09.539,276] <dbg> connection_strategy: rsi_device_found: Found RSI advertisement from 42:61:A7:E2:D8:1D (random), rssi: -41
[00:00:09.539,306] <dbg> connection_strategy: rsi_device_found: RSI advertisement:
                                              b6 9b 89 ae fa 43                                |.....C           
[00:00:09.539,337] <dbg> connection_strategy: rsi_device_found: Checking against SIRK:
                                              4f 34 3c f3 c8 af 54 f3  87 9b 1b c7 f4 5c 30 49 |O4<...T. .....\0I
[00:00:09.539,367] <dbg> bt_csip_set_coordinator: bt_csip_set_coordinator_is_set_member: hash: b69b89
[00:00:09.539,428] <dbg> bt_csip_set_coordinator: bt_csip_set_coordinator_is_set_member: prand aefa43
[00:00:09.539,489] <dbg> bt_csip_set_coordinator: bt_csip_set_coordinator_is_set_member: calculated_hash: 3c0fe8
[00:00:09.539,520] <dbg> bt_csip_set_coordinator: bt_csip_set_coordinator_is_set_member: hash: b69b89
[00:00:09.743,103] <dbg> connection_strategy: rsi_device_found: Found RSI advertisement from 51:B6:1F:FD:55:72 (random), rssi: -39
[00:00:09.743,133] <dbg> connection_strategy: rsi_device_found: RSI advertisement:
                                              29 35 92 83 b9 5c                                |)5...\           
[00:00:09.743,164] <dbg> connection_strategy: rsi_device_found: Checking against SIRK:
                                              4f 34 3c f3 c8 af 54 f3  87 9b 1b c7 f4 5c 30 49 |O4<...T. .....\0I
[00:00:09.743,194] <dbg> bt_csip_set_coordinator: bt_csip_set_coordinator_is_set_member: hash: 293592
[00:00:09.743,255] <dbg> bt_csip_set_coordinator: bt_csip_set_coordinator_is_set_member: prand 83b95c
[00:00:09.743,316] <dbg> bt_csip_set_coordinator: bt_csip_set_coordinator_is_set_member: calculated_hash: 1cb93b
[00:00:09.743,347] <dbg> bt_csip_set_coordinator: bt_csip_set_coordinator_is_set_member: hash: 293592
[00:00:09.805,969] <dbg> connection_strategy: rsi_device_found: Found RSI advertisement from 42:61:A7:E2:D8:1D (random), rssi: -41
[00:00:09.805,999] <dbg> connection_strategy: rsi_device_found: RSI advertisement:
                                              b6 9b 89 ae fa 43                                |.....C           
[00:00:09.806,030] <dbg> connection_strategy: rsi_device_found: Checking against SIRK:
                                              4f 34 3c f3 c8 af 54 f3  87 9b 1b c7 f4 5c 30 49 |O4<...T. .....\0I
[00:00:09.806,060] <dbg> bt_csip_set_coordinator: bt_csip_set_coordinator_is_set_member: hash: b69b89
[00:00:09.806,121] <dbg> bt_csip_set_coordinator: bt_csip_set_coordinator_is_set_member: prand aefa43
[00:00:09.806,182] <dbg> bt_csip_set_coordinator: bt_csip_set_coordinator_is_set_member: calculated_hash: 3c0fe8
[00:00:09.806,213] <dbg> bt_csip_set_coordinator: bt_csip_set_coordinator_is_set_member: hash: b69b89
[00:00:10.005,737] <dbg> connection_strategy: rsi_device_found: Found RSI advertisement from 51:B6:1F:FD:55:72 (random), rssi: -38
[00:00:10.005,767] <dbg> connection_strategy: rsi_device_found: RSI advertisement:
                                              29 35 92 83 b9 5c                                |)5...\           
[00:00:10.005,798] <dbg> connection_strategy: rsi_device_found: Checking against SIRK:
                                              4f 34 3c f3 c8 af 54 f3  87 9b 1b c7 f4 5c 30 49 |O4<...T. .....\0I
[00:00:10.005,828] <dbg> bt_csip_set_coordinator: bt_csip_set_coordinator_is_set_member: hash: 293592
[00:00:10.005,889] <dbg> bt_csip_set_coordinator: bt_csip_set_coordinator_is_set_member: prand 83b95c
[00:00:10.005,950] <dbg> bt_csip_set_coordinator: bt_csip_set_coordinator_is_set_member: calculated_hash: 1cb93b
[00:00:10.005,981] <dbg> bt_csip_set_coordinator: bt_csip_set_coordinator_is_set_member: hash: 293592
[00:00:10.065,185] <dbg> connection_strategy: rsi_device_found: Found RSI advertisement from 42:61:A7:E2:D8:1D (random), rssi: -41
[00:00:10.065,185] <dbg> connection_strategy: rsi_device_found: RSI advertisement:
                                              b6 9b 89 ae fa 43                                |.....C           
[00:00:10.065,216] <dbg> connection_strategy: rsi_device_found: Checking against SIRK:
                                              4f 34 3c f3 c8 af 54 f3  87 9b 1b c7 f4 5c 30 49 |O4<...T. .....\0I
[00:00:10.065,277] <dbg> bt_csip_set_coordinator: bt_csip_set_coordinator_is_set_member: hash: b69b89
[00:00:10.065,307] <dbg> bt_csip_set_coordinator: bt_csip_set_coordinator_is_set_member: prand aefa43
[00:00:10.065,368] <dbg> bt_csip_set_coordinator: bt_csip_set_coordinator_is_set_member: calculated_hash: 3c0fe8
[00:00:10.065,399] <dbg> bt_csip_set_coordinator: bt_csip_set_coordinator_is_set_member: hash: b69b89
[00:00:10.239,990] <dbg> connection_strategy: rsi_device_found: Found RSI advertisement from 50:CA:2B:4D:70:0F (random), rssi: -68
[00:00:10.240,020] <dbg> connection_strategy: rsi_device_found: RSI advertisement:
                                              da d9 65 30 e8 6c                                |..e0.l           
[00:00:10.240,051] <dbg> connection_strategy: rsi_device_found: Checking against SIRK:
                                              4f 34 3c f3 c8 af 54 f3  87 9b 1b c7 f4 5c 30 49 |O4<...T. .....\0I
[00:00:10.240,081] <dbg> bt_csip_set_coordinator: bt_csip_set_coordinator_is_set_member: hash: dad965
[00:00:10.240,112] <dbg> bt_csip_set_coordinator: bt_csip_set_coordinator_is_set_member: prand 30e86c
[00:00:10.240,173] <dbg> bt_csip_set_coordinator: bt_csip_set_coordinator_is_set_member: calculated_hash: 31cd87
[00:00:10.240,203] <dbg> bt_csip_set_coordinator: bt_csip_set_coordinator_is_set_member: hash: dad965
[00:00:10.524,078] <dbg> connection_strategy: rsi_device_found: Found RSI advertisement from 51:B6:1F:FD:55:72 (random), rssi: -39
[00:00:10.524,139] <dbg> connection_strategy: rsi_device_found: RSI advertisement:
                                              29 35 92 83 b9 5c                                |)5...\           
[00:00:10.524,139] <dbg> connection_strategy: rsi_device_found: Checking against SIRK:
                                              4f 34 3c f3 c8 af 54 f3  87 9b 1b c7 f4 5c 30 49 |O4<...T. .....\0I
[00:00:10.524,200] <dbg> bt_csip_set_coordinator: bt_csip_set_coordinator_is_set_member: hash: 293592
[00:00:10.524,230] <dbg> bt_csip_set_coordinator: bt_csip_set_coordinator_is_set_member: prand 83b95c
[00:00:10.524,261] <dbg> bt_csip_set_coordinator: bt_csip_set_coordinator_is_set_member: calculated_hash: 1cb93b
[00:00:10.524,322] <dbg> bt_csip_set_coordinator: bt_csip_set_coordinator_is_set_member: hash: 293592
[00:00:10.857,177] <dbg> connection_strategy: rsi_device_found: Found RSI advertisement from 42:61:A7:E2:D8:1D (random), rssi: -41
[00:00:10.857,208] <dbg> connection_strategy: rsi_device_found: RSI advertisement:
                                              b6 9b 89 ae fa 43                                |.....C           
[00:00:10.857,238] <dbg> connection_strategy: rsi_device_found: Checking against SIRK:
                                              4f 34 3c f3 c8 af 54 f3  87 9b 1b c7 f4 5c 30 49 |O4<...T. .....\0I
[00:00:10.857,299] <dbg> bt_csip_set_coordinator: bt_csip_set_coordinator_is_set_member: hash: b69b89
[00:00:10.857,330] <dbg> bt_csip_set_coordinator: bt_csip_set_coordinator_is_set_member: prand aefa43
[00:00:10.857,391] <dbg> bt_csip_set_coordinator: bt_csip_set_coordinator_is_set_member: calculated_hash: 3c0fe8
[00:00:10.857,421] <dbg> bt_csip_set_coordinator: bt_csip_set_coordinator_is_set_member: hash: b69b89
[00:00:11.283,874] <dbg> connection_strategy: rsi_device_found: Found RSI advertisement from 50:CA:2B:4D:70:0F (random), rssi: -69
[00:00:11.283,905] <dbg> connection_strategy: rsi_device_found: RSI advertisement:
                                              da d9 65 30 e8 6c                                |..e0.l           
[00:00:11.283,996] <dbg> connection_strategy: rsi_device_found: Checking against SIRK:
                                              4f 34 3c f3 c8 af 54 f3  87 9b 1b c7 f4 5c 30 49 |O4<...T. .....\0I
[00:00:11.284,027] <dbg> bt_csip_set_coordinator: bt_csip_set_coordinator_is_set_member: hash: dad965
[00:00:11.284,088] <dbg> bt_csip_set_coordinator: bt_csip_set_coordinator_is_set_member: prand 30e86c
[00:00:11.284,118] <dbg> bt_csip_set_coordinator: bt_csip_set_coordinator_is_set_member: calculated_hash: 31cd87
[00:00:11.284,149] <dbg> bt_csip_set_coordinator: bt_csip_set_coordinator_is_set_member: hash: dad965
[00:00:11.311,889] <dbg> connection_strategy: rsi_device_found: Found RSI advertisement from 51:B6:1F:FD:55:72 (random), rssi: -39
[00:00:11.311,889] <dbg> connection_strategy: rsi_device_found: RSI advertisement:
                                              29 35 92 83 b9 5c                                |)5...\           
[00:00:11.311,920] <dbg> connection_strategy: rsi_device_found: Checking against SIRK:
                                              4f 34 3c f3 c8 af 54 f3  87 9b 1b c7 f4 5c 30 49 |O4<...T. .....\0I
[00:00:11.312,011] <dbg> bt_csip_set_coordinator: bt_csip_set_coordinator_is_set_member: hash: 293592
[00:00:11.312,042] <dbg> bt_csip_set_coordinator: bt_csip_set_coordinator_is_set_member: prand 83b95c
[00:00:11.312,103] <dbg> bt_csip_set_coordinator: bt_csip_set_coordinator_is_set_member: calculated_hash: 1cb93b
[00:00:11.312,133] <dbg> bt_csip_set_coordinator: bt_csip_set_coordinator_is_set_member: hash: 293592
[00:00:11.371,185] <dbg> connection_strategy: rsi_device_found: Found RSI advertisement from 42:61:A7:E2:D8:1D (random), rssi: -41
[00:00:11.371,215] <dbg> connection_strategy: rsi_device_found: RSI advertisement:
                                              b6 9b 89 ae fa 43                                |.....C           
[00:00:11.371,246] <dbg> connection_strategy: rsi_device_found: Checking against SIRK:
                                              4f 34 3c f3 c8 af 54 f3  87 9b 1b c7 f4 5c 30 49 |O4<...T. .....\0I
[00:00:11.371,276] <dbg> bt_csip_set_coordinator: bt_csip_set_coordinator_is_set_member: hash: b69b89
[00:00:11.371,307] <dbg> bt_csip_set_coordinator: bt_csip_set_coordinator_is_set_member: prand aefa43
[00:00:11.371,368] <dbg> bt_csip_set_coordinator: bt_csip_set_coordinator_is_set_member: calculated_hash: 3c0fe8
[00:00:11.371,398] <dbg> bt_csip_set_coordinator: bt_csip_set_coordinator_is_set_member: hash: b69b89
[00:00:11.543,029] <dbg> connection_strategy: rsi_device_found: Found RSI advertisement from 50:CA:2B:4D:70:0F (random), rssi: -79
[00:00:11.543,060] <dbg> connection_strategy: rsi_device_found: RSI advertisement:
                                              da d9 65 30 e8 6c                                |..e0.l           
[00:00:11.543,090] <dbg> connection_strategy: rsi_device_found: Checking against SIRK:
                                              4f 34 3c f3 c8 af 54 f3  87 9b 1b c7 f4 5c 30 49 |O4<...T. .....\0I
[00:00:11.543,121] <dbg> bt_csip_set_coordinator: bt_csip_set_coordinator_is_set_member: hash: dad965
[00:00:11.543,151] <dbg> bt_csip_set_coordinator: bt_csip_set_coordinator_is_set_member: prand 30e86c
[00:00:11.543,212] <dbg> bt_csip_set_coordinator: bt_csip_set_coordinator_is_set_member: calculated_hash: 31cd87
[00:00:11.543,243] <dbg> bt_csip_set_coordinator: bt_csip_set_coordinator_is_set_member: hash: dad965
[00:00:11.648,925] <dbg> connection_strategy: rsi_device_found: Found RSI advertisement from 58:44:1A:BB:AC:76 (random), rssi: -80
[00:00:11.648,956] <dbg> connection_strategy: rsi_device_found: RSI advertisement:
                                              62 9e 76 19 ae 41                                |b.v..A           
[00:00:11.648,986] <dbg> connection_strategy: rsi_device_found: Checking against SIRK:
                                              4f 34 3c f3 c8 af 54 f3  87 9b 1b c7 f4 5c 30 49 |O4<...T. .....\0I
[00:00:11.649,017] <dbg> bt_csip_set_coordinator: bt_csip_set_coordinator_is_set_member: hash: 629e76
[00:00:11.649,078] <dbg> bt_csip_set_coordinator: bt_csip_set_coordinator_is_set_member: prand 19ae41
[00:00:11.649,139] <dbg> bt_csip_set_coordinator: bt_csip_set_coordinator_is_set_member: calculated_hash: ed5d19
[00:00:11.649,169] <dbg> bt_csip_set_coordinator: bt_csip_set_coordinator_is_set_member: hash: 629e76
[00:00:11.835,998] <dbg> connection_strategy: rsi_device_found: Found RSI advertisement from 51:B6:1F:FD:55:72 (random), rssi: -38
[00:00:11.836,029] <dbg> connection_strategy: rsi_device_found: RSI advertisement:
                                              29 35 92 83 b9 5c                                |)5...\           
[00:00:11.836,059] <dbg> connection_strategy: rsi_device_found: Checking against SIRK:
                                              4f 34 3c f3 c8 af 54 f3  87 9b 1b c7 f4 5c 30 49 |O4<...T. .....\0I
[00:00:11.836,090] <dbg> bt_csip_set_coordinator: bt_csip_set_coordinator_is_set_member: hash: 293592
[00:00:11.836,151] <dbg> bt_csip_set_coordinator: bt_csip_set_coordinator_is_set_member: prand 83b95c
[00:00:11.836,212] <dbg> bt_csip_set_coordinator: bt_csip_set_coordinator_is_set_member: calculated_hash: 1cb93b
[00:00:11.836,242] <dbg> bt_csip_set_coordinator: bt_csip_set_coordinator_is_set_member: hash: 293592
[00:00:12.323,425] <dbg> connection_strategy: rsi_device_found: Found RSI advertisement from 50:CA:2B:4D:70:0F (random), rssi: -79
[00:00:12.323,455] <dbg> connection_strategy: rsi_device_found: RSI advertisement:
                                              da d9 65 30 e8 6c                                |..e0.l           
[00:00:12.323,455] <dbg> connection_strategy: rsi_device_found: Checking against SIRK:
                                              4f 34 3c f3 c8 af 54 f3  87 9b 1b c7 f4 5c 30 49 |O4<...T. .....\0I
[00:00:12.323,516] <dbg> bt_csip_set_coordinator: bt_csip_set_coordinator_is_set_member: hash: dad965
[00:00:12.323,547] <dbg> bt_csip_set_coordinator: bt_csip_set_coordinator_is_set_member: prand 30e86c
[00:00:12.323,608] <dbg> bt_csip_set_coordinator: bt_csip_set_coordinator_is_set_member: calculated_hash: 31cd87
[00:00:12.323,638] <dbg> bt_csip_set_coordinator: bt_csip_set_coordinator_is_set_member: hash: dad965
[00:00:12.417,480] <dbg> connection_strategy: rsi_device_found: Found RSI advertisement from 42:61:A7:E2:D8:1D (random), rssi: -44
[00:00:12.417,510] <dbg> connection_strategy: rsi_device_found: RSI advertisement:
                                              b6 9b 89 ae fa 43                                |.....C           
[00:00:12.417,541] <dbg> connection_strategy: rsi_device_found: Checking against SIRK:
                                              4f 34 3c f3 c8 af 54 f3  87 9b 1b c7 f4 5c 30 49 |O4<...T. .....\0I
[00:00:12.417,572] <dbg> bt_csip_set_coordinator: bt_csip_set_coordinator_is_set_member: hash: b69b89
[00:00:12.417,633] <dbg> bt_csip_set_coordinator: bt_csip_set_coordinator_is_set_member: prand aefa43
[00:00:12.417,694] <dbg> bt_csip_set_coordinator: bt_csip_set_coordinator_is_set_member: calculated_hash: 3c0fe8
[00:00:12.417,724] <dbg> bt_csip_set_coordinator: bt_csip_set_coordinator_is_set_member: hash: b69b89
[00:00:12.584,869] <dbg> connection_strategy: rsi_device_found: Found RSI advertisement from 50:CA:2B:4D:70:0F (random), rssi: -71
[00:00:12.584,899] <dbg> connection_strategy: rsi_device_found: RSI advertisement:
                                              da d9 65 30 e8 6c                                |..e0.l           
[00:00:12.584,930] <dbg> connection_strategy: rsi_device_found: Checking against SIRK:
                                              4f 34 3c f3 c8 af 54 f3  87 9b 1b c7 f4 5c 30 49 |O4<...T. .....\0I
[00:00:12.584,960] <dbg> bt_csip_set_coordinator: bt_csip_set_coordinator_is_set_member: hash: dad965
[00:00:12.584,991] <dbg> bt_csip_set_coordinator: bt_csip_set_coordinator_is_set_member: prand 30e86c
[00:00:12.585,052] <dbg> bt_csip_set_coordinator: bt_csip_set_coordinator_is_set_member: calculated_hash: 31cd87
[00:00:12.585,083] <dbg> bt_csip_set_coordinator: bt_csip_set_coordinator_is_set_member: hash: dad965
[00:00:12.613,342] <dbg> connection_strategy: rsi_device_found: Found RSI advertisement from 51:B6:1F:FD:55:72 (random), rssi: -38
[00:00:12.613,372] <dbg> connection_strategy: rsi_device_found: RSI advertisement:
                                              29 35 92 83 b9 5c                                |)5...\           
[00:00:12.613,403] <dbg> connection_strategy: rsi_device_found: Checking against SIRK:
                                              4f 34 3c f3 c8 af 54 f3  87 9b 1b c7 f4 5c 30 49 |O4<...T. .....\0I
[00:00:12.613,433] <dbg> bt_csip_set_coordinator: bt_csip_set_coordinator_is_set_member: hash: 293592
[00:00:12.613,494] <dbg> bt_csip_set_coordinator: bt_csip_set_coordinator_is_set_member: prand 83b95c
[00:00:12.613,525] <dbg> bt_csip_set_coordinator: bt_csip_set_coordinator_is_set_member: calculated_hash: 1cb93b
[00:00:12.613,555] <dbg> bt_csip_set_coordinator: bt_csip_set_coordinator_is_set_member: hash: 293592
[00:00:12.846,160] <dbg> connection_strategy: rsi_device_found: Found RSI advertisement from 50:CA:2B:4D:70:0F (random), rssi: -79
[00:00:12.846,191] <dbg> connection_strategy: rsi_device_found: RSI advertisement:
                                              da d9 65 30 e8 6c                                |..e0.l           
[00:00:12.846,221] <dbg> connection_strategy: rsi_device_found: Checking against SIRK:
                                              4f 34 3c f3 c8 af 54 f3  87 9b 1b c7 f4 5c 30 49 |O4<...T. .....\0I
[00:00:12.846,252] <dbg> bt_csip_set_coordinator: bt_csip_set_coordinator_is_set_member: hash: dad965
[00:00:12.846,313] <dbg> bt_csip_set_coordinator: bt_csip_set_coordinator_is_set_member: prand 30e86c
[00:00:12.846,374] <dbg> bt_csip_set_coordinator: bt_csip_set_coordinator_is_set_member: calculated_hash: 31cd87
[00:00:12.846,405] <dbg> bt_csip_set_coordinator: bt_csip_set_coordinator_is_set_member: hash: dad965
[00:00:12.895,538] <wrn> connection_strategy: RSI scan timeout - no matching set member found after 10 seconds [DEVICE ID 0]